Using pre-set license
Built from '2020.2/staging' branch; Version is '2020.2.7f1 (c53830e277f1) revision 12924976'; Using compiler version '192528614'; Build Type 'Release'
OS: 'Windows 10 Home; OS build 19042.928; Version 2009; 64bit' Language: 'en' Physical Memory: 32717 MB
BatchMode: 1, IsHumanControllingUs: 0, StartBugReporterOnCrash: 0, Is64bit: 1, IsPro: 0

 COMMAND LINE ARGUMENTS:
C:\Program Files\Unity\Hub\Editor\2020.2.7f1\Editor\Unity.exe
-adb2
-batchMode
-noUpm
-name
AssetImportWorker0
-projectPath
C:/Users/Steven/Desktop/Unity Games/Boost-it
-logFile
Logs/AssetImportWorker0.log
-srvPort
64095
Successfully changed project path to: C:/Users/Steven/Desktop/Unity Games/Boost-it
C:/Users/Steven/Desktop/Unity Games/Boost-it
Using Asset Import Pipeline V2.
Refreshing native plugins compatible for Editor in 19.88 ms, found 0 plugins.
Preloading 0 native plugins for Editor in 0.00 ms.
Initialize engine version: 2020.2.7f1 (c53830e277f1)
[Subsystems] Discovering subsystems at path C:/Program Files/Unity/Hub/Editor/2020.2.7f1/Editor/Data/Resources/UnitySubsystems
[Subsystems] Discovering subsystems at path C:/Users/Steven/Desktop/Unity Games/Boost-it/Assets
GfxDevice: creating device client; threaded=0
Direct3D:
    Version:  Direct3D 11.0 [level 11.1]
    Renderer: NVIDIA GeForce RTX 2070 SUPER (ID=0x1e84)
    Vendor:   
    VRAM:     8011 MB
    Driver:   27.21.14.5671
Initialize mono
Mono path[0] = 'C:/Program Files/Unity/Hub/Editor/2020.2.7f1/Editor/Data/Managed'
Mono path[1] = 'C:/Program Files/Unity/Hub/Editor/2020.2.7f1/Editor/Data/MonoBleedingEdge/lib/mono/unityjit'
Mono config path = 'C:/Program Files/Unity/Hub/Editor/2020.2.7f1/Editor/Data/MonoBleedingEdge/etc'
Using monoOptions --debugger-agent=transport=dt_socket,embedding=1,server=y,suspend=n,address=127.0.0.1:56432
Begin MonoManager ReloadAssembly
Registering precompiled unity dll's ...
Register platform support module: C:/Program Files/Unity/Hub/Editor/2020.2.7f1/Editor/Data/PlaybackEngines/WebGLSupport/UnityEditor.WebGL.Extensions.dll
Register platform support module: C:/Program Files/Unity/Hub/Editor/2020.2.7f1/Editor/Data/PlaybackEngines/WindowsStandaloneSupport/UnityEditor.WindowsStandalone.Extensions.dll
Registered in 0.002315 seconds.
Native extension for WindowsStandalone target not found
Native extension for WebGL target not found
Refreshing native plugins compatible for Editor in 20.27 ms, found 0 plugins.
Preloading 0 native plugins for Editor in 0.00 ms.
Invoked RoslynAnalysisRunner static constructor.
RoslynAnalysisRunner will not be running.
RoslynAnalysisRunner has terminated.
Mono: successfully reloaded assembly
- Completed reload, in  1.913 seconds
Platform modules already initialized, skipping
Registering precompiled user dll's ...
Registered in 0.000645 seconds.
Begin MonoManager ReloadAssembly
Native extension for WindowsStandalone target not found
Native extension for WebGL target not found
Refreshing native plugins compatible for Editor in 0.25 ms, found 0 plugins.
Preloading 0 native plugins for Editor in 0.00 ms.
Invoked RoslynAnalysisRunner static constructor.
RoslynAnalysisRunner will not be running.
RoslynAnalysisRunner has terminated.
Mono: successfully reloaded assembly
- Completed reload, in  0.643 seconds
Platform modules already initialized, skipping
========================================================================
Worker process is ready to serve import requests
Launched and connected shader compiler UnityShaderCompiler.exe after 0.03 seconds
Refreshing native plugins compatible for Editor in 0.25 ms, found 0 plugins.
Preloading 0 native plugins for Editor in 0.00 ms.
Unloading 1116 Unused Serialized files (Serialized files now loaded: 0)
System memory in use before: 57.6 MB.
System memory in use after: 57.7 MB.

Unloading 10 unused Assets to reduce memory usage. Loaded Objects now: 1560.
Total: 1.556800 ms (FindLiveObjects: 0.158500 ms CreateObjectMapping: 0.027400 ms MarkObjects: 1.303700 ms  DeleteObjects: 0.066300 ms)

========================================================================
Received Import Request.
  path: Assets/AllSkyFree/Cold Night/Cold Night__Cam_4_Up+Y.png
  artifactKey: Guid(3d6928c404a7c46c3991bb1b73521d66) Importer(815301076,1909f56bfc062723c751e8b465ee728b)
Start importing Assets/AllSkyFree/Cold Night/Cold Night__Cam_4_Up+Y.png using Guid(3d6928c404a7c46c3991bb1b73521d66) Importer(815301076,1909f56bfc062723c751e8b465ee728b)  -> (artifact id: 'cd0cd5765283cd6c612b75a8b69c9b17') in 0.071235 seconds
  Import took 0.073097 seconds .

========================================================================
Received Import Request.
  Time since last request: 0.000309 seconds.
  path: Assets/AllSkyFree/Cold Night/Cold Night Equirect.mat
  artifactKey: Guid(eac2ef371405749e0bd050b4c3272f16) Importer(815301076,1909f56bfc062723c751e8b465ee728b)
Start importing Assets/AllSkyFree/Cold Night/Cold Night Equirect.mat using Guid(eac2ef371405749e0bd050b4c3272f16) Importer(815301076,1909f56bfc062723c751e8b465ee728b)  -> (artifact id: '86641e4dd7adf1e53f8c580dc751bba2') in 0.098961 seconds
  Import took 0.100847 seconds .

========================================================================
Received Import Request.
  Time since last request: 0.000348 seconds.
  path: Assets/AllSkyFree/Cold Night/Cold Night__Cam_5_Down-Y.png
  artifactKey: Guid(8cab6aa3331da40e68754e2214ce08fa) Importer(815301076,1909f56bfc062723c751e8b465ee728b)
Start importing Assets/AllSkyFree/Cold Night/Cold Night__Cam_5_Down-Y.png using Guid(8cab6aa3331da40e68754e2214ce08fa) Importer(815301076,1909f56bfc062723c751e8b465ee728b)  -> (artifact id: '4b041067816a58c6a33ff0142709fd6b') in 0.007776 seconds
  Import took 0.009608 seconds .

========================================================================
Received Import Request.
  Time since last request: 0.000324 seconds.
  path: Assets/AllSkyFree/Cold Night/Cold Night Equirect.png
  artifactKey: Guid(97259d0c0ea9f491692be825da27978a) Importer(815301076,1909f56bfc062723c751e8b465ee728b)
Start importing Assets/AllSkyFree/Cold Night/Cold Night Equirect.png using Guid(97259d0c0ea9f491692be825da27978a) Importer(815301076,1909f56bfc062723c751e8b465ee728b)  -> (artifact id: '83ba2cbad1d10f8e0026cc5434e2da65') in 0.096781 seconds
  Import took 0.099466 seconds .

========================================================================
Received Import Request.
  Time since last request: 0.000296 seconds.
  path: Assets/AllSkyFree/Cold Night/Cold Night.mat
  artifactKey: Guid(9af23ba5fa5364ff598888460e0e2759) Importer(815301076,1909f56bfc062723c751e8b465ee728b)
Start importing Assets/AllSkyFree/Cold Night/Cold Night.mat using Guid(9af23ba5fa5364ff598888460e0e2759) Importer(815301076,1909f56bfc062723c751e8b465ee728b)  -> (artifact id: '00b1fc775280aa906d1a34799496749d') in 0.128016 seconds
  Import took 0.130130 seconds .

========================================================================
Received Import Request.
  Time since last request: 0.000303 seconds.
  path: Assets/AllSkyFree/Cold Night/Cold Night__Cam_1_Back-Z.png
  artifactKey: Guid(7a03001a6d7c746a2a2467b3b3f51660) Importer(815301076,1909f56bfc062723c751e8b465ee728b)
Start importing Assets/AllSkyFree/Cold Night/Cold Night__Cam_1_Back-Z.png using Guid(7a03001a6d7c746a2a2467b3b3f51660) Importer(815301076,1909f56bfc062723c751e8b465ee728b)  -> (artifact id: '3a5c94a9d36d9f67bbb7e0b91e761508') in 0.007888 seconds
  Import took 0.009903 seconds .

========================================================================
Received Import Request.
  Time since last request: 0.000310 seconds.
  path: Assets/AllSkyFree/Cold Night/Cold Night__Cam_0_Front+Z.png
  artifactKey: Guid(aad96e1c2baf24d3499e2ea1426ab824) Importer(815301076,1909f56bfc062723c751e8b465ee728b)
Start importing Assets/AllSkyFree/Cold Night/Cold Night__Cam_0_Front+Z.png using Guid(aad96e1c2baf24d3499e2ea1426ab824) Importer(815301076,1909f56bfc062723c751e8b465ee728b)  -> (artifact id: '34d0742431ad47b2f4c2e8e8dbdb706c') in 0.008244 seconds
  Import took 0.010055 seconds .

========================================================================
Received Import Request.
  Time since last request: 0.000351 seconds.
  path: Assets/AllSkyFree/Cold Night/Cold Night__Cam_3_Right-X.png
  artifactKey: Guid(2b201733d2df84602b3020984df58790) Importer(815301076,1909f56bfc062723c751e8b465ee728b)
Start importing Assets/AllSkyFree/Cold Night/Cold Night__Cam_3_Right-X.png using Guid(2b201733d2df84602b3020984df58790) Importer(815301076,1909f56bfc062723c751e8b465ee728b)  -> (artifact id: 'dec56e771680e479d8a3c8dd2dff292b') in 0.008235 seconds
  Import took 0.010394 seconds .

========================================================================
Received Import Request.
  Time since last request: 0.000302 seconds.
  path: Assets/AllSkyFree/Cold Night/Cold Night__Cam_2_Left+X.png
  artifactKey: Guid(3aa922ca8577f4f66b8810ab41310933) Importer(815301076,1909f56bfc062723c751e8b465ee728b)
Start importing Assets/AllSkyFree/Cold Night/Cold Night__Cam_2_Left+X.png using Guid(3aa922ca8577f4f66b8810ab41310933) Importer(815301076,1909f56bfc062723c751e8b465ee728b)  -> (artifact id: '1de3bce2f36df02820916b6dc4335bcf') in 0.008390 seconds
  Import took 0.010345 seconds .

========================================================================
Received Import Request.
  Time since last request: 8.685335 seconds.
  path: Assets/AllSkyFree/AllSkyDemoEnvironment/Materials/TreeLeaves.mat
  artifactKey: Guid(3d7bc6435f5ced147872d5b96fd28f42) Importer(815301076,1909f56bfc062723c751e8b465ee728b)
Start importing Assets/AllSkyFree/AllSkyDemoEnvironment/Materials/TreeLeaves.mat using Guid(3d7bc6435f5ced147872d5b96fd28f42) Importer(815301076,1909f56bfc062723c751e8b465ee728b)  -> (artifact id: '0e8bc0caec0acf60575e1cac19a44a32') in 0.009767 seconds
  Import took 0.011684 seconds .

========================================================================
Received Import Request.
  Time since last request: 0.000261 seconds.
  path: Assets/AllSkyFree/AllSkyDemoEnvironment/Materials/TreeTrunk.mat
  artifactKey: Guid(7809cf584f7a8ba4897c2c57e9669dfe) Importer(815301076,1909f56bfc062723c751e8b465ee728b)
Start importing Assets/AllSkyFree/AllSkyDemoEnvironment/Materials/TreeTrunk.mat using Guid(7809cf584f7a8ba4897c2c57e9669dfe) Importer(815301076,1909f56bfc062723c751e8b465ee728b)  -> (artifact id: 'b6ec9ca68cffe30f10f2172dd008a2a7') in 0.008530 seconds
  Import took 0.010223 seconds .

========================================================================
Received Import Request.
  Time since last request: 0.408763 seconds.
  path: Assets/AllSkyFree/AllSkyDemoEnvironment/Materials/rock.mat
  artifactKey: Guid(30d990fd39e798242be00a47c8f8fcaa) Importer(815301076,1909f56bfc062723c751e8b465ee728b)
Start importing Assets/AllSkyFree/AllSkyDemoEnvironment/Materials/rock.mat using Guid(30d990fd39e798242be00a47c8f8fcaa) Importer(815301076,1909f56bfc062723c751e8b465ee728b)  -> (artifact id: '6d1214ab93f992c7d475e847fb34c4f9') in 0.008518 seconds
  Import took 0.010481 seconds .

========================================================================
Received Import Request.
  Time since last request: 0.023353 seconds.
  path: Assets/AtomRocket/Mesh/Materials/MetalBelt.mat
  artifactKey: Guid(e0b1763afce38dc4fba2cec27d235a3d) Importer(815301076,1909f56bfc062723c751e8b465ee728b)
Start importing Assets/AtomRocket/Mesh/Materials/MetalBelt.mat using Guid(e0b1763afce38dc4fba2cec27d235a3d) Importer(815301076,1909f56bfc062723c751e8b465ee728b)  -> (artifact id: 'c47e033e955a13285dcfc8f8d107f284') in 0.008341 seconds
  Import took 0.010270 seconds .

========================================================================
Received Import Request.
  Time since last request: 0.000271 seconds.
  path: Assets/AllSkyFree/Night MoonBurst/Night Moon Burst.mat
  artifactKey: Guid(c494c335823f54b52b2e87e1b7a63a23) Importer(815301076,1909f56bfc062723c751e8b465ee728b)
Start importing Assets/AllSkyFree/Night MoonBurst/Night Moon Burst.mat using Guid(c494c335823f54b52b2e87e1b7a63a23) Importer(815301076,1909f56bfc062723c751e8b465ee728b)  -> (artifact id: 'b63a42aa0e93f617d9906980def9d3b2') in 0.015260 seconds
  Import took 0.017215 seconds .

========================================================================
Received Import Request.
  Time since last request: 0.077255 seconds.
  path: Assets/AllSkyFree/AllSkyDemoEnvironment/Materials/Landscape.mat
  artifactKey: Guid(36b724f005def154c831325bf69c83e0) Importer(815301076,1909f56bfc062723c751e8b465ee728b)
Start importing Assets/AllSkyFree/AllSkyDemoEnvironment/Materials/Landscape.mat using Guid(36b724f005def154c831325bf69c83e0) Importer(815301076,1909f56bfc062723c751e8b465ee728b)  -> (artifact id: '2337bc015d5b55491c7cc5cad59485e7') in 0.008756 seconds
  Import took 0.010791 seconds .

========================================================================
Received Import Request.
  Time since last request: 0.071321 seconds.
  path: Assets/AtomRocket/Mesh/Materials/Fins.mat
  artifactKey: Guid(1f2f39ae9facbea43ac7f6da5b21a916) Importer(815301076,1909f56bfc062723c751e8b465ee728b)
Start importing Assets/AtomRocket/Mesh/Materials/Fins.mat using Guid(1f2f39ae9facbea43ac7f6da5b21a916) Importer(815301076,1909f56bfc062723c751e8b465ee728b)  -> (artifact id: 'b324be5e7ed1036a9fdf87f2752a24c0') in 0.008758 seconds
  Import took 0.010726 seconds .

========================================================================
Received Import Request.
  Time since last request: 0.000276 seconds.
  path: Assets/AtomRocket/Mesh/Materials/Glass.mat
  artifactKey: Guid(d65d5f6454ecf7942ba15fc30b9025cf) Importer(815301076,1909f56bfc062723c751e8b465ee728b)
Start importing Assets/AtomRocket/Mesh/Materials/Glass.mat using Guid(d65d5f6454ecf7942ba15fc30b9025cf) Importer(815301076,1909f56bfc062723c751e8b465ee728b)  -> (artifact id: 'a7f5ce7d4578a8f41d0a644748086c8f') in 0.008187 seconds
  Import took 0.009981 seconds .

========================================================================
Received Import Request.
  Time since last request: 0.024739 seconds.
  path: Assets/AllSkyFree/Epic_GloriousPink/Epic_GloriousPink.mat
  artifactKey: Guid(8b7dd0809c7c6498789fa32a61eaa6cb) Importer(815301076,1909f56bfc062723c751e8b465ee728b)
Start importing Assets/AllSkyFree/Epic_GloriousPink/Epic_GloriousPink.mat using Guid(8b7dd0809c7c6498789fa32a61eaa6cb) Importer(815301076,1909f56bfc062723c751e8b465ee728b)  -> (artifact id: '425b52d7da2df7557d54134d3fa908eb') in 0.140896 seconds
  Import took 0.143189 seconds .

========================================================================
Received Import Request.
  Time since last request: 0.000319 seconds.
  path: Assets/AllSkyFree/Epic_GloriousPink/Epic_GloriousPink Equirect.mat
  artifactKey: Guid(fe4e130f9947345a2b213cb5038851a2) Importer(815301076,1909f56bfc062723c751e8b465ee728b)
Start importing Assets/AllSkyFree/Epic_GloriousPink/Epic_GloriousPink Equirect.mat using Guid(fe4e130f9947345a2b213cb5038851a2) Importer(815301076,1909f56bfc062723c751e8b465ee728b)  -> (artifact id: 'a9214244134798fee3c50d3b98fcbc1d') in 0.016719 seconds
  Import took 0.019307 seconds .

========================================================================
Received Import Request.
  Time since last request: 6.241779 seconds.
  path: Assets/AllSkyFree/Epic_BlueSunset/Epic_BlueSunset.mat
  artifactKey: Guid(7416536dbe0334cfd888dd1beb75a9fb) Importer(815301076,1909f56bfc062723c751e8b465ee728b)
Start importing Assets/AllSkyFree/Epic_BlueSunset/Epic_BlueSunset.mat using Guid(7416536dbe0334cfd888dd1beb75a9fb) Importer(815301076,1909f56bfc062723c751e8b465ee728b)  -> (artifact id: '33ba45e51e0234c3094438bcfed2c39e') in 0.015187 seconds
  Import took 0.017447 seconds .

========================================================================
Received Import Request.
  Time since last request: 0.000253 seconds.
  path: Assets/AllSkyFree/Epic_BlueSunset/Epic_BlueSunset Equirect.mat
  artifactKey: Guid(cdbb40e11399e4a17882ada20a1b896a) Importer(815301076,1909f56bfc062723c751e8b465ee728b)
Start importing Assets/AllSkyFree/Epic_BlueSunset/Epic_BlueSunset Equirect.mat using Guid(cdbb40e11399e4a17882ada20a1b896a) Importer(815301076,1909f56bfc062723c751e8b465ee728b)  -> (artifact id: '2da23b207dd44e23750d37c00461ce93') in 0.016291 seconds
  Import took 0.018719 seconds .

========================================================================
Received Import Request.
  Time since last request: 0.232388 seconds.
  path: Assets/AllSkyFree/Deep Dusk/Deep Dusk Equirect.mat
  artifactKey: Guid(c82a334cf5a5e47978749c210cee72a7) Importer(815301076,1909f56bfc062723c751e8b465ee728b)
Start importing Assets/AllSkyFree/Deep Dusk/Deep Dusk Equirect.mat using Guid(c82a334cf5a5e47978749c210cee72a7) Importer(815301076,1909f56bfc062723c751e8b465ee728b)  -> (artifact id: 'cf12c14bd2dace8508689ec476c7c313') in 0.017072 seconds
  Import took 0.019926 seconds .

========================================================================
Received Import Request.
  Time since last request: 0.000246 seconds.
  path: Assets/UAV Trident/Model/Materials/DefaultMat.mat
  artifactKey: Guid(3857f2f36b79974459c2bee1994519f8) Importer(815301076,1909f56bfc062723c751e8b465ee728b)
Start importing Assets/UAV Trident/Model/Materials/DefaultMat.mat using Guid(3857f2f36b79974459c2bee1994519f8) Importer(815301076,1909f56bfc062723c751e8b465ee728b)  -> (artifact id: '9064679869af4a96b48e40ed1d093c0c') in 0.008991 seconds
  Import took 0.010619 seconds .

========================================================================
Received Import Request.
  Time since last request: 0.027244 seconds.
  path: Assets/AllSkyFree/Cartoon Base BlueSky/Day_BlueSky_Nothing Equirect.mat
  artifactKey: Guid(73324b55f67f54c7bbf43204788b8bbe) Importer(815301076,1909f56bfc062723c751e8b465ee728b)
Start importing Assets/AllSkyFree/Cartoon Base BlueSky/Day_BlueSky_Nothing Equirect.mat using Guid(73324b55f67f54c7bbf43204788b8bbe) Importer(815301076,1909f56bfc062723c751e8b465ee728b)  -> (artifact id: 'a996e61fced1083bdd297a13d5aa7997') in 0.015567 seconds
  Import took 0.018454 seconds .

========================================================================
Received Import Request.
  Time since last request: 0.000278 seconds.
  path: Assets/AllSkyFree/Deep Dusk/Deep Dusk.mat
  artifactKey: Guid(b4f152e0498484391a9f0d5a1facf03b) Importer(815301076,1909f56bfc062723c751e8b465ee728b)
Start importing Assets/AllSkyFree/Deep Dusk/Deep Dusk.mat using Guid(b4f152e0498484391a9f0d5a1facf03b) Importer(815301076,1909f56bfc062723c751e8b465ee728b)  -> (artifact id: '39c44db93404957a1a591979dc9862fe') in 0.015120 seconds
  Import took 0.017073 seconds .

========================================================================
Received Import Request.
  Time since last request: 0.053863 seconds.
  path: Assets/AllSkyFree/Cold Sunset/Cold Sunset Equirect.mat
  artifactKey: Guid(01f4eb1c73693428d923f1520032e7f9) Importer(815301076,1909f56bfc062723c751e8b465ee728b)
Start importing Assets/AllSkyFree/Cold Sunset/Cold Sunset Equirect.mat using Guid(01f4eb1c73693428d923f1520032e7f9) Importer(815301076,1909f56bfc062723c751e8b465ee728b)  -> (artifact id: '7c88749dc02aa0e3d8e7bcbf32346968') in 0.016021 seconds
  Import took 0.018797 seconds .

========================================================================
Received Import Request.
  Time since last request: 0.000282 seconds.
  path: Assets/AllSkyFree/Cartoon Base BlueSky/Day_BlueSky_Nothing.mat
  artifactKey: Guid(c56e28e54cac24b04ae3dd957d214534) Importer(815301076,1909f56bfc062723c751e8b465ee728b)
Start importing Assets/AllSkyFree/Cartoon Base BlueSky/Day_BlueSky_Nothing.mat using Guid(c56e28e54cac24b04ae3dd957d214534) Importer(815301076,1909f56bfc062723c751e8b465ee728b)  -> (artifact id: '52ebdb6e635f7485a6c912c5652f0725') in 0.012080 seconds
  Import took 0.013785 seconds .

========================================================================
Received Import Request.
  Time since last request: 0.093387 seconds.
  path: Assets/AllSkyFree/Cold Sunset/Cold Sunset.mat
  artifactKey: Guid(2d796ced94d61438fbab81b194038162) Importer(815301076,1909f56bfc062723c751e8b465ee728b)
Start importing Assets/AllSkyFree/Cold Sunset/Cold Sunset.mat using Guid(2d796ced94d61438fbab81b194038162) Importer(815301076,1909f56bfc062723c751e8b465ee728b)  -> (artifact id: '27e1239c7c2406f5a6de3e629ea61238') in 0.014675 seconds
  Import took 0.016924 seconds .

========================================================================
Received Import Request.
  Time since last request: 2.260607 seconds.
  path: Assets/AllSkyFree/Cartoon Base NightSky/Cartoon Base NightSky Equirect.mat
  artifactKey: Guid(3a6db933fef1d4c759bf21220420505f) Importer(815301076,1909f56bfc062723c751e8b465ee728b)
Start importing Assets/AllSkyFree/Cartoon Base NightSky/Cartoon Base NightSky Equirect.mat using Guid(3a6db933fef1d4c759bf21220420505f) Importer(815301076,1909f56bfc062723c751e8b465ee728b)  -> (artifact id: '5211cdf19b6823a8e143d47e0d4c21fd') in 0.015738 seconds
  Import took 0.018596 seconds .

========================================================================
Received Import Request.
  Time since last request: 0.082291 seconds.
  path: Assets/AtomRocket/Mesh/Materials/Body.mat
  artifactKey: Guid(89b9cecd79fe7fd418c284523e46973a) Importer(815301076,1909f56bfc062723c751e8b465ee728b)
Start importing Assets/AtomRocket/Mesh/Materials/Body.mat using Guid(89b9cecd79fe7fd418c284523e46973a) Importer(815301076,1909f56bfc062723c751e8b465ee728b)  -> (artifact id: 'de74e7944a747877cdcc924488776a65') in 0.008126 seconds
  Import took 0.010207 seconds .

========================================================================
Received Import Request.
  Time since last request: 0.000290 seconds.
  path: Assets/AllSkyFree/Cartoon Base NightSky/Cartoon Base NightSky.mat
  artifactKey: Guid(aa78c8d403a8547fe86d1f74239e6b03) Importer(815301076,1909f56bfc062723c751e8b465ee728b)
Start importing Assets/AllSkyFree/Cartoon Base NightSky/Cartoon Base NightSky.mat using Guid(aa78c8d403a8547fe86d1f74239e6b03) Importer(815301076,1909f56bfc062723c751e8b465ee728b)  -> (artifact id: '48443abc9a457347580456d1d464bbe2') in 0.016129 seconds
  Import took 0.018399 seconds .

========================================================================
Received Import Request.
  Time since last request: 0.779314 seconds.
  path: Assets/AllSkyFree/AllSkyDemoEnvironment/Materials/AllSkyDemoEnv_TreeLeaves.mat
  artifactKey: Guid(3386ea1f916284d438a5d95882e39fd6) Importer(815301076,1909f56bfc062723c751e8b465ee728b)
Start importing Assets/AllSkyFree/AllSkyDemoEnvironment/Materials/AllSkyDemoEnv_TreeLeaves.mat using Guid(3386ea1f916284d438a5d95882e39fd6) Importer(815301076,1909f56bfc062723c751e8b465ee728b)  -> (artifact id: '037c3190883862b5404a5dea687ed541') in 0.008774 seconds
  Import took 0.010666 seconds .

========================================================================
Received Import Request.
  Time since last request: 0.000226 seconds.
  path: Assets/AllSkyFree/AllSkyDemoEnvironment/Materials/AllSkyDemoEnv_TreeTrunk.mat
  artifactKey: Guid(6e219c5ff336949179da2590886e94eb) Importer(815301076,1909f56bfc062723c751e8b465ee728b)
Start importing Assets/AllSkyFree/AllSkyDemoEnvironment/Materials/AllSkyDemoEnv_TreeTrunk.mat using Guid(6e219c5ff336949179da2590886e94eb) Importer(815301076,1909f56bfc062723c751e8b465ee728b)  -> (artifact id: 'b841b59e99226d2e31e4b4eb48be148c') in 0.008087 seconds
  Import took 0.009914 seconds .

========================================================================
Received Import Request.
  Time since last request: 0.646655 seconds.
  path: Assets/AllSkyFree/AllSkyDemoEnvironment/Materials/AllSkyDemoEnv_Rock.mat
  artifactKey: Guid(2e6761ef29bab414093fbcc3d8b98559) Importer(815301076,1909f56bfc062723c751e8b465ee728b)
Start importing Assets/AllSkyFree/AllSkyDemoEnvironment/Materials/AllSkyDemoEnv_Rock.mat using Guid(2e6761ef29bab414093fbcc3d8b98559) Importer(815301076,1909f56bfc062723c751e8b465ee728b)  -> (artifact id: '1159d1434f116a6dd1f7ab2d5b27e475') in 0.008179 seconds
  Import took 0.010124 seconds .

========================================================================
Received Import Request.
  Time since last request: 0.000304 seconds.
  path: Assets/AllSkyFree/AllSkyDemoEnvironment/Materials/AllSkyDemoEnv_SphereSkyReflect.mat
  artifactKey: Guid(13177a7929fc94508aeae20a9a650440) Importer(815301076,1909f56bfc062723c751e8b465ee728b)
Start importing Assets/AllSkyFree/AllSkyDemoEnvironment/Materials/AllSkyDemoEnv_SphereSkyReflect.mat using Guid(13177a7929fc94508aeae20a9a650440) Importer(815301076,1909f56bfc062723c751e8b465ee728b)  -> (artifact id: 'c40b72260e9274ca7ef32d82e4ab79ba') in 0.187500 seconds
  Import took 0.189205 seconds .

========================================================================
Received Import Request.
  Time since last request: 0.829215 seconds.
  path: Assets/AllSkyFree/AllSkyDemoEnvironment/Materials/AllSkyDemoEnv_LightMetal.mat
  artifactKey: Guid(a7f9f8058b27648f4ba9ed54ced4ac00) Importer(815301076,1909f56bfc062723c751e8b465ee728b)
Start importing Assets/AllSkyFree/AllSkyDemoEnvironment/Materials/AllSkyDemoEnv_LightMetal.mat using Guid(a7f9f8058b27648f4ba9ed54ced4ac00) Importer(815301076,1909f56bfc062723c751e8b465ee728b)  -> (artifact id: 'a07acbbd3da91df5ffaee8c8e2836209') in 0.008529 seconds
  Import took 0.010449 seconds .

========================================================================
Received Import Request.
  Time since last request: 0.000224 seconds.
  path: Assets/AllSkyFree/AllSkyDemoEnvironment/Materials/AllSkyDemoEnv_MountainGlow.mat
  artifactKey: Guid(413befd66bdd84d569871d0524b4685a) Importer(815301076,1909f56bfc062723c751e8b465ee728b)
Start importing Assets/AllSkyFree/AllSkyDemoEnvironment/Materials/AllSkyDemoEnv_MountainGlow.mat using Guid(413befd66bdd84d569871d0524b4685a) Importer(815301076,1909f56bfc062723c751e8b465ee728b)  -> (artifact id: '7e60ae927018ac0d0c483548e7620d9b') in 0.108419 seconds
  Import took 0.110315 seconds .

========================================================================
Received Import Request.
  Time since last request: 2.863880 seconds.
  path: Assets/AllSkyFree/AllSkyDemoEnvironment/Materials/AllSkyDemoEnv_Landscape.mat
  artifactKey: Guid(179503e6ea7a5414da971761ed8ad6a1) Importer(815301076,1909f56bfc062723c751e8b465ee728b)
Start importing Assets/AllSkyFree/AllSkyDemoEnvironment/Materials/AllSkyDemoEnv_Landscape.mat using Guid(179503e6ea7a5414da971761ed8ad6a1) Importer(815301076,1909f56bfc062723c751e8b465ee728b)  -> (artifact id: 'd515d50ce3bd750740dbc5d28e199309') in 0.008311 seconds
  Import took 0.010244 seconds .

========================================================================
Received Import Request.
  Time since last request: 0.000223 seconds.
  path: Assets/AllSkyFree/AllSkyDemoEnvironment/Materials/AllSkyDemoEnv_LightIllum.mat
  artifactKey: Guid(05aa87d4636d34850a6f48daedd1b55c) Importer(815301076,1909f56bfc062723c751e8b465ee728b)
Start importing Assets/AllSkyFree/AllSkyDemoEnvironment/Materials/AllSkyDemoEnv_LightIllum.mat using Guid(05aa87d4636d34850a6f48daedd1b55c) Importer(815301076,1909f56bfc062723c751e8b465ee728b)  -> (artifact id: '5a6719507533efe7b7b9d7102f2e3647') in 0.007875 seconds
  Import took 0.009740 seconds .

========================================================================
Received Import Request.
  Time since last request: 2.192551 seconds.
  path: Assets/AllSkyFree/AllSkyDemoEnvironment/Materials/AllSkyDemoEnv_Flag_Red.mat
  artifactKey: Guid(174e7977166824bf49a2c2f4b54fd066) Importer(815301076,1909f56bfc062723c751e8b465ee728b)
Start importing Assets/AllSkyFree/AllSkyDemoEnvironment/Materials/AllSkyDemoEnv_Flag_Red.mat using Guid(174e7977166824bf49a2c2f4b54fd066) Importer(815301076,1909f56bfc062723c751e8b465ee728b)  -> (artifact id: '4bb99642bcee718aa07297f6fe4654c7') in 0.008434 seconds
  Import took 0.010367 seconds .

========================================================================
Received Import Request.
  Time since last request: 0.000230 seconds.
  path: Assets/AllSkyFree/AllSkyDemoEnvironment/Materials/AllSkyDemoEnv_FlagGreen.mat
  artifactKey: Guid(eba7c646abc914766b797ce6e6b6aef8) Importer(815301076,1909f56bfc062723c751e8b465ee728b)
Start importing Assets/AllSkyFree/AllSkyDemoEnvironment/Materials/AllSkyDemoEnv_FlagGreen.mat using Guid(eba7c646abc914766b797ce6e6b6aef8) Importer(815301076,1909f56bfc062723c751e8b465ee728b)  -> (artifact id: '40aa47e8e2c7a114e97736574b337f87') in 0.007815 seconds
  Import took 0.009402 seconds .

========================================================================
Received Import Request.
  Time since last request: 0.152691 seconds.
  path: Assets/AllSkyFree/AllSkyDemoEnvironment/Materials/AllSkyDemoEnv_Flag_Blue.mat
  artifactKey: Guid(fbc2e1c016c544198be90cefecf38f0f) Importer(815301076,1909f56bfc062723c751e8b465ee728b)
Start importing Assets/AllSkyFree/AllSkyDemoEnvironment/Materials/AllSkyDemoEnv_Flag_Blue.mat using Guid(fbc2e1c016c544198be90cefecf38f0f) Importer(815301076,1909f56bfc062723c751e8b465ee728b)  -> (artifact id: '4b4524d5e5d2eb46378bee204ffd41d7') in 0.007976 seconds
  Import took 0.010030 seconds .

========================================================================
Received Import Request.
  Time since last request: 0.000225 seconds.
  path: Assets/AllSkyFree/AllSkyDemoEnvironment/Materials/AllSkyDemoEnv_Flag_Gold.mat
  artifactKey: Guid(e647ded4fdda54d5c82ce352c1b0be01) Importer(815301076,1909f56bfc062723c751e8b465ee728b)
Start importing Assets/AllSkyFree/AllSkyDemoEnvironment/Materials/AllSkyDemoEnv_Flag_Gold.mat using Guid(e647ded4fdda54d5c82ce352c1b0be01) Importer(815301076,1909f56bfc062723c751e8b465ee728b)  -> (artifact id: '434477147717f668241e711b5299bfcc') in 0.007829 seconds
  Import took 0.009423 seconds .

========================================================================
Received Import Request.
  Time since last request: 0.417228 seconds.
  path: Assets/AllSkyFree/Space_AnotherPlanet/AllSky_Space_AnotherPlanet Equirect.mat
  artifactKey: Guid(13f6e5eed33d84c76979f1ec06b5e48c) Importer(815301076,1909f56bfc062723c751e8b465ee728b)
Start importing Assets/AllSkyFree/Space_AnotherPlanet/AllSky_Space_AnotherPlanet Equirect.mat using Guid(13f6e5eed33d84c76979f1ec06b5e48c) Importer(815301076,1909f56bfc062723c751e8b465ee728b)  -> (artifact id: '2ae2913e0c08f334a20020736067cab2') in 0.016461 seconds
  Import took 0.019306 seconds .

========================================================================
Received Import Request.
  Time since last request: 0.000280 seconds.
  path: Assets/AllSkyFree/AllSkyDemoEnvironment/Materials/AllSkyDemoEnv_Building.mat
  artifactKey: Guid(5f35d0bb3bb3e45048ec76b0a3157c01) Importer(815301076,1909f56bfc062723c751e8b465ee728b)
Start importing Assets/AllSkyFree/AllSkyDemoEnvironment/Materials/AllSkyDemoEnv_Building.mat using Guid(5f35d0bb3bb3e45048ec76b0a3157c01) Importer(815301076,1909f56bfc062723c751e8b465ee728b)  -> (artifact id: '454440ea5addcb47ec9465f7066b15a7') in 0.008683 seconds
  Import took 0.010348 seconds .

========================================================================
Received Import Request.
  Time since last request: 0.066750 seconds.
  path: Assets/AllSkyFree/Overcast Low/AllSky_Overcast4_Low Equirect.mat
  artifactKey: Guid(54fe2f000ad8f424fb63cc3ea0ae2bb2) Importer(815301076,1909f56bfc062723c751e8b465ee728b)
Start importing Assets/AllSkyFree/Overcast Low/AllSky_Overcast4_Low Equirect.mat using Guid(54fe2f000ad8f424fb63cc3ea0ae2bb2) Importer(815301076,1909f56bfc062723c751e8b465ee728b)  -> (artifact id: 'db1553231f6de596ba4b3671646a04ef') in 0.015890 seconds
  Import took 0.018753 seconds .

========================================================================
Received Import Request.
  Time since last request: 0.000256 seconds.
  path: Assets/AllSkyFree/Space_AnotherPlanet/AllSky_Space_AnotherPlanet.mat
  artifactKey: Guid(656058fe318eb48558d21d66d1a79a2b) Importer(815301076,1909f56bfc062723c751e8b465ee728b)
Start importing Assets/AllSkyFree/Space_AnotherPlanet/AllSky_Space_AnotherPlanet.mat using Guid(656058fe318eb48558d21d66d1a79a2b) Importer(815301076,1909f56bfc062723c751e8b465ee728b)  -> (artifact id: 'df3a502a20d06f12d322819f3b8cc7f9') in 0.015540 seconds
  Import took 0.017466 seconds .

========================================================================
Received Import Request.
  Time since last request: 0.347444 seconds.
  path: Assets/AllSkyFree/Night MoonBurst/AllSky_Night_MoonBurst Equirect.mat
  artifactKey: Guid(51b74d7bad397457d883c5940f7664d8) Importer(815301076,1909f56bfc062723c751e8b465ee728b)
Start importing Assets/AllSkyFree/Night MoonBurst/AllSky_Night_MoonBurst Equirect.mat using Guid(51b74d7bad397457d883c5940f7664d8) Importer(815301076,1909f56bfc062723c751e8b465ee728b)  -> (artifact id: '999f2ea5d12e6ab53a341898ecb998d1') in 0.016024 seconds
  Import took 0.018843 seconds .

========================================================================
Received Import Request.
  Time since last request: 0.000249 seconds.
  path: Assets/AllSkyFree/Overcast Low/AllSky_Overcast4_Low.mat
  artifactKey: Guid(f2b5f3f20933f434e850db1b710542fd) Importer(815301076,1909f56bfc062723c751e8b465ee728b)
Start importing Assets/AllSkyFree/Overcast Low/AllSky_Overcast4_Low.mat using Guid(f2b5f3f20933f434e850db1b710542fd) Importer(815301076,1909f56bfc062723c751e8b465ee728b)  -> (artifact id: '209e32fb80ad07f6aeb408b540cf0670') in 0.015305 seconds
  Import took 0.017278 seconds .

========================================================================
Received Import Request.
  Time since last request: 0.499304 seconds.
  path: Assets/AllSkyFree/AllSkyDemoEnvironment/AdditiveSprite.mat
  artifactKey: Guid(aa556f6275fc744de969c712a17350e7) Importer(815301076,1909f56bfc062723c751e8b465ee728b)
Start importing Assets/AllSkyFree/AllSkyDemoEnvironment/AdditiveSprite.mat using Guid(aa556f6275fc744de969c712a17350e7) Importer(815301076,1909f56bfc062723c751e8b465ee728b)  -> (artifact id: '4212d4bda9315aa9000dfc70df701102') in 0.027873 seconds
  Import took 0.029951 seconds .

========================================================================
Received Import Request.
  Time since last request: 34.307763 seconds.
  path: Assets/AllSkyFree/AllSkyDemoEnvironment/AllSky_DemoEnvironment.fbx
  artifactKey: Guid(3016c1d519731466ebd747543eef9970) Importer(815301076,1909f56bfc062723c751e8b465ee728b)
Start importing Assets/AllSkyFree/AllSkyDemoEnvironment/AllSky_DemoEnvironment.fbx using Guid(3016c1d519731466ebd747543eef9970) Importer(815301076,1909f56bfc062723c751e8b465ee728b)  -> (artifact id: '2fb7ac7e13095562c4cd8eb68b4f343b') in 0.049749 seconds
  Import took 0.051905 seconds .

========================================================================
Received Import Request.
  Time since last request: 0.000237 seconds.
  path: Assets/AllSkyFree/AllSkyDemoEnvironment/Moon Glare.flare
  artifactKey: Guid(241af96f1ab544ef09a3a66d01d8c862) Importer(815301076,1909f56bfc062723c751e8b465ee728b)
Start importing Assets/AllSkyFree/AllSkyDemoEnvironment/Moon Glare.flare using Guid(241af96f1ab544ef09a3a66d01d8c862) Importer(815301076,1909f56bfc062723c751e8b465ee728b)  -> (artifact id: 'eb45f16fb08a5aada3000e0242653809') in 0.004408 seconds
  Import took 0.006238 seconds .

========================================================================
Received Import Request.
  Time since last request: 0.000273 seconds.
  path: Assets/AllSkyFree/AllSkyDemoEnvironment/MoonGlow.prefab
  artifactKey: Guid(0f1bb6c00f49e47b4b8c078bd9c1bf14) Importer(815301076,1909f56bfc062723c751e8b465ee728b)
Start importing Assets/AllSkyFree/AllSkyDemoEnvironment/MoonGlow.prefab using Guid(0f1bb6c00f49e47b4b8c078bd9c1bf14) Importer(815301076,1909f56bfc062723c751e8b465ee728b)  -> (artifact id: 'd019da0454be72729d48dc662fea4e5a') in 0.005672 seconds
  Import took 0.007335 seconds .

========================================================================
Received Import Request.
  Time since last request: 0.000226 seconds.
  path: Assets/AllSkyFree/AllSkyDemoEnvironment/AllSkyDemoEnvironment_Unity4.prefab
  artifactKey: Guid(a4d020d60b18649af92bb2a05e00d513) Importer(815301076,1909f56bfc062723c751e8b465ee728b)
Start importing Assets/AllSkyFree/AllSkyDemoEnvironment/AllSkyDemoEnvironment_Unity4.prefab using Guid(a4d020d60b18649af92bb2a05e00d513) Importer(815301076,1909f56bfc062723c751e8b465ee728b)  -> (artifact id: '599ef8db413ef61e7651ed2ac3ffe1e9') in 0.037889 seconds
  Import took 0.039879 seconds .

========================================================================
Received Import Request.
  Time since last request: 0.000302 seconds.
  path: Assets/AllSkyFree/AllSkyDemoEnvironment/AllSky_DemoEnvironment02.fbx
  artifactKey: Guid(cca7a715222e33c49b541a5f7de8f6f2) Importer(815301076,1909f56bfc062723c751e8b465ee728b)
Start importing Assets/AllSkyFree/AllSkyDemoEnvironment/AllSky_DemoEnvironment02.fbx using Guid(cca7a715222e33c49b541a5f7de8f6f2) Importer(815301076,1909f56bfc062723c751e8b465ee728b)  -> (artifact id: 'f569b0b94d66cc9fb8ea22b3fc629e9b') in 0.017421 seconds
  Import took 0.019388 seconds .

========================================================================
Received Import Request.
  Time since last request: 0.000295 seconds.
  path: Assets/AllSkyFree/AllSkyDemoEnvironment/HowToUpResSkies.png
  artifactKey: Guid(5f86fefc3a6bd4b1998b38ab48808f10) Importer(815301076,1909f56bfc062723c751e8b465ee728b)
Start importing Assets/AllSkyFree/AllSkyDemoEnvironment/HowToUpResSkies.png using Guid(5f86fefc3a6bd4b1998b38ab48808f10) Importer(815301076,1909f56bfc062723c751e8b465ee728b)  -> (artifact id: '521cc90187aba229db970b22358bef97') in 0.016673 seconds
  Import took 0.018639 seconds .

========================================================================
Received Import Request.
  Time since last request: 0.000231 seconds.
  path: Assets/AllSkyFree/AllSkyDemoEnvironment/SunGlare.psd
  artifactKey: Guid(0309f746e292a4772b7e81facce34e28) Importer(815301076,1909f56bfc062723c751e8b465ee728b)
Start importing Assets/AllSkyFree/AllSkyDemoEnvironment/SunGlare.psd using Guid(0309f746e292a4772b7e81facce34e28) Importer(815301076,1909f56bfc062723c751e8b465ee728b)  -> (artifact id: '3806ba1e6b80624de270746f40036908') in 0.008640 seconds
  Import took 0.010529 seconds .

========================================================================
Received Import Request.
  Time since last request: 0.000296 seconds.
  path: Assets/AllSkyFree/AllSkyDemoEnvironment/AllSky_Logo.png
  artifactKey: Guid(a5075efb0c5504a389b38cf795aabf4c) Importer(815301076,1909f56bfc062723c751e8b465ee728b)
Start importing Assets/AllSkyFree/AllSkyDemoEnvironment/AllSky_Logo.png using Guid(a5075efb0c5504a389b38cf795aabf4c) Importer(815301076,1909f56bfc062723c751e8b465ee728b)  -> (artifact id: '95c917123afb58174d3508360017d787') in 0.010251 seconds
  Import took 0.012238 seconds .

========================================================================
Received Import Request.
  Time since last request: 0.000265 seconds.
  path: Assets/AllSkyFree/AllSkyDemoEnvironment/Sun Glare.flare
  artifactKey: Guid(436034cf81451448691149d6bc008327) Importer(815301076,1909f56bfc062723c751e8b465ee728b)
Start importing Assets/AllSkyFree/AllSkyDemoEnvironment/Sun Glare.flare using Guid(436034cf81451448691149d6bc008327) Importer(815301076,1909f56bfc062723c751e8b465ee728b)  -> (artifact id: '4a3252ff7c38dbbd928287a902e14163') in 0.003706 seconds
  Import took 0.005520 seconds .

========================================================================
Received Import Request.
  Time since last request: 0.000293 seconds.
  path: Assets/AllSkyFree/AllSkyDemoEnvironment/BlackTransparentGradient.png
  artifactKey: Guid(5fcdc8d88900447cbacc2451e4e54427) Importer(815301076,1909f56bfc062723c751e8b465ee728b)
Start importing Assets/AllSkyFree/AllSkyDemoEnvironment/BlackTransparentGradient.png using Guid(5fcdc8d88900447cbacc2451e4e54427) Importer(815301076,1909f56bfc062723c751e8b465ee728b)  -> (artifact id: 'c7357fafac6288de691369f889e1c85e') in 0.009393 seconds
  Import took 0.011350 seconds .

========================================================================
Received Import Request.
  Time since last request: 0.000300 seconds.
  path: Assets/AllSkyFree/AllSkyDemoEnvironment/SunGlow.prefab
  artifactKey: Guid(6e58b6f7d760a4942b5d1887cdb4a815) Importer(815301076,1909f56bfc062723c751e8b465ee728b)
Start importing Assets/AllSkyFree/AllSkyDemoEnvironment/SunGlow.prefab using Guid(6e58b6f7d760a4942b5d1887cdb4a815) Importer(815301076,1909f56bfc062723c751e8b465ee728b)  -> (artifact id: 'e5727aed30f29fe4cf585d8948898eb9') in 0.004425 seconds
  Import took 0.006035 seconds .

========================================================================
Received Import Request.
  Time since last request: 0.000273 seconds.
  path: Assets/AllSkyFree/AllSkyDemoEnvironment/Mountain Glare.flare
  artifactKey: Guid(4bd4faf9a6beb484485deba5aeb62c81) Importer(815301076,1909f56bfc062723c751e8b465ee728b)
Start importing Assets/AllSkyFree/AllSkyDemoEnvironment/Mountain Glare.flare using Guid(4bd4faf9a6beb484485deba5aeb62c81) Importer(815301076,1909f56bfc062723c751e8b465ee728b)  -> (artifact id: 'a1d4da648718dda47c37bb5ebbcfab21') in 0.003364 seconds
  Import took 0.005087 seconds .

========================================================================
Received Import Request.
  Time since last request: 0.000274 seconds.
  path: Assets/AllSkyFree/AllSkyDemoEnvironment/AllSky_DemoEnvironment_Center.fbx
  artifactKey: Guid(6f81d87fbcb2648b0835af8c7c1cd3fb) Importer(815301076,1909f56bfc062723c751e8b465ee728b)
Start importing Assets/AllSkyFree/AllSkyDemoEnvironment/AllSky_DemoEnvironment_Center.fbx using Guid(6f81d87fbcb2648b0835af8c7c1cd3fb) Importer(815301076,1909f56bfc062723c751e8b465ee728b)  -> (artifact id: 'f943ef39c626e3edf64ee4eb190c953b') in 0.016308 seconds
  Import took 0.018391 seconds .

========================================================================
Received Import Request.
  Time since last request: 0.000292 seconds.
  path: Assets/AllSkyFree/AllSkyDemoEnvironment/AllSky_DemoEnvironment_Light.fbx
  artifactKey: Guid(a86608a16093647c082aa3ccf69d2558) Importer(815301076,1909f56bfc062723c751e8b465ee728b)
Start importing Assets/AllSkyFree/AllSkyDemoEnvironment/AllSky_DemoEnvironment_Light.fbx using Guid(a86608a16093647c082aa3ccf69d2558) Importer(815301076,1909f56bfc062723c751e8b465ee728b)  -> (artifact id: '9ae8ab13be9385cd5ce2b35a497b6562') in 0.012553 seconds
  Import took 0.014414 seconds .

========================================================================
Received Import Request.
  Time since last request: 5.663775 seconds.
  path: Assets/AllSkyFree/Cartoon Base NightSky/Cartoon Base NightSky Equirect.png
  artifactKey: Guid(7659947706e294d97a22faa1d4011724) Importer(815301076,1909f56bfc062723c751e8b465ee728b)
Start importing Assets/AllSkyFree/Cartoon Base NightSky/Cartoon Base NightSky Equirect.png using Guid(7659947706e294d97a22faa1d4011724) Importer(815301076,1909f56bfc062723c751e8b465ee728b)  -> (artifact id: 'e97aed946a631e24822539fab3d9fe20') in 0.088439 seconds
  Import took 0.091345 seconds .

========================================================================
Received Import Request.
  Time since last request: 0.000293 seconds.
  path: Assets/AllSkyFree/Cartoon Base NightSky/Cartoon Base NightSky_Cam_4_Up+Y.png
  artifactKey: Guid(d8144633fec3342d9b7d9388377fb2a6) Importer(815301076,1909f56bfc062723c751e8b465ee728b)
Start importing Assets/AllSkyFree/Cartoon Base NightSky/Cartoon Base NightSky_Cam_4_Up+Y.png using Guid(d8144633fec3342d9b7d9388377fb2a6) Importer(815301076,1909f56bfc062723c751e8b465ee728b)  -> (artifact id: '0ebd6b6e1a8fd822f92e93fe591a9caa') in 0.007887 seconds
  Import took 0.009341 seconds .

========================================================================
Received Import Request.
  Time since last request: 0.000257 seconds.
  path: Assets/AllSkyFree/Cartoon Base NightSky/Cartoon Base NightSky_Cam_3_Right-X.png
  artifactKey: Guid(69090bcf98b624e77a2f519630debe54) Importer(815301076,1909f56bfc062723c751e8b465ee728b)
Start importing Assets/AllSkyFree/Cartoon Base NightSky/Cartoon Base NightSky_Cam_3_Right-X.png using Guid(69090bcf98b624e77a2f519630debe54) Importer(815301076,1909f56bfc062723c751e8b465ee728b)  -> (artifact id: 'a8cf415bb0ce18bbd302f7f8ad01da48') in 0.008245 seconds
  Import took 0.009946 seconds .

========================================================================
Received Import Request.
  Time since last request: 0.000284 seconds.
  path: Assets/AllSkyFree/Cartoon Base NightSky/Cartoon Base NightSky_Cam_2_Left+X.png
  artifactKey: Guid(30795c4c7d28549fc98ea24071c47626) Importer(815301076,1909f56bfc062723c751e8b465ee728b)
Start importing Assets/AllSkyFree/Cartoon Base NightSky/Cartoon Base NightSky_Cam_2_Left+X.png using Guid(30795c4c7d28549fc98ea24071c47626) Importer(815301076,1909f56bfc062723c751e8b465ee728b)  -> (artifact id: '1e46ecad0b5aec7e1d123d751fb009dd') in 0.007786 seconds
  Import took 0.009386 seconds .

========================================================================
Received Import Request.
  Time since last request: 0.000264 seconds.
  path: Assets/AllSkyFree/Cartoon Base NightSky/Cartoon Base NightSky_Cam_1_Back-Z.png
  artifactKey: Guid(baee46fd4fc8d4898864f4963bb39f34) Importer(815301076,1909f56bfc062723c751e8b465ee728b)
Start importing Assets/AllSkyFree/Cartoon Base NightSky/Cartoon Base NightSky_Cam_1_Back-Z.png using Guid(baee46fd4fc8d4898864f4963bb39f34) Importer(815301076,1909f56bfc062723c751e8b465ee728b)  -> (artifact id: 'af7619baafc93fb6f8eca0b916a47cc3') in 0.008258 seconds
  Import took 0.009929 seconds .

========================================================================
Received Import Request.
  Time since last request: 0.000269 seconds.
  path: Assets/AllSkyFree/Cartoon Base NightSky/Cartoon Base NightSky_Cam_0_Front+Z.png
  artifactKey: Guid(5cd44424375bd4ad69191a50c41ec04d) Importer(815301076,1909f56bfc062723c751e8b465ee728b)
Start importing Assets/AllSkyFree/Cartoon Base NightSky/Cartoon Base NightSky_Cam_0_Front+Z.png using Guid(5cd44424375bd4ad69191a50c41ec04d) Importer(815301076,1909f56bfc062723c751e8b465ee728b)  -> (artifact id: 'ab4c29b9010a1d0e4a0c08770c72aaa8') in 0.007949 seconds
  Import took 0.009585 seconds .

========================================================================
Received Import Request.
  Time since last request: 0.000232 seconds.
  path: Assets/AllSkyFree/Cartoon Base NightSky/Cartoon Base NightSky_Cam_5_Down-Y.png
  artifactKey: Guid(e23c4e30896d34af5beb066fcf2790c7) Importer(815301076,1909f56bfc062723c751e8b465ee728b)
Start importing Assets/AllSkyFree/Cartoon Base NightSky/Cartoon Base NightSky_Cam_5_Down-Y.png using Guid(e23c4e30896d34af5beb066fcf2790c7) Importer(815301076,1909f56bfc062723c751e8b465ee728b)  -> (artifact id: 'be4e0ee3ab1df6377a203839adcc709f') in 0.008111 seconds
  Import took 0.009657 seconds .

========================================================================
Received Import Request.
  Time since last request: 76.919623 seconds.
  path: Assets/AllSkyFree/Space_AnotherPlanet/AllSky_Space_AnotherPlanet Equirect.png
  artifactKey: Guid(393dd4c82e2a04ec08ef9f57528230c6) Importer(815301076,1909f56bfc062723c751e8b465ee728b)
Start importing Assets/AllSkyFree/Space_AnotherPlanet/AllSky_Space_AnotherPlanet Equirect.png using Guid(393dd4c82e2a04ec08ef9f57528230c6) Importer(815301076,1909f56bfc062723c751e8b465ee728b)  -> (artifact id: 'a1ecd4459bf59cd72c5f6d27a850497a') in 0.090670 seconds
  Import took 0.093523 seconds .

========================================================================
Received Import Request.
  Time since last request: 0.000279 seconds.
  path: Assets/AllSkyFree/Space_AnotherPlanet/AllSky_Space_AnotherPlanet_Cam_5_Down-Y.png
  artifactKey: Guid(3a639720a92414f45b72b16d6db788ce) Importer(815301076,1909f56bfc062723c751e8b465ee728b)
Start importing Assets/AllSkyFree/Space_AnotherPlanet/AllSky_Space_AnotherPlanet_Cam_5_Down-Y.png using Guid(3a639720a92414f45b72b16d6db788ce) Importer(815301076,1909f56bfc062723c751e8b465ee728b)  -> (artifact id: 'd57d36b300b07247fd4e7ffe17a984d1') in 0.008053 seconds
  Import took 0.009676 seconds .

========================================================================
Received Import Request.
  Time since last request: 0.000225 seconds.
  path: Assets/AllSkyFree/Space_AnotherPlanet/AllSky_Space_AnotherPlanet_Cam_1_Back-Z.png
  artifactKey: Guid(0264465325ebb45239163258479c2a60) Importer(815301076,1909f56bfc062723c751e8b465ee728b)
Start importing Assets/AllSkyFree/Space_AnotherPlanet/AllSky_Space_AnotherPlanet_Cam_1_Back-Z.png using Guid(0264465325ebb45239163258479c2a60) Importer(815301076,1909f56bfc062723c751e8b465ee728b)  -> (artifact id: '108746775ac147ec3aa3af120d914f25') in 0.010006 seconds
  Import took 0.011713 seconds .

========================================================================
Received Import Request.
  Time since last request: 0.000248 seconds.
  path: Assets/AllSkyFree/Space_AnotherPlanet/AllSky_Space_AnotherPlanet Equirect.png
  artifactKey: Guid(393dd4c82e2a04ec08ef9f57528230c6) Importer(815301076,1909f56bfc062723c751e8b465ee728b)
Start importing Assets/AllSkyFree/Space_AnotherPlanet/AllSky_Space_AnotherPlanet Equirect.png using Guid(393dd4c82e2a04ec08ef9f57528230c6) Importer(815301076,1909f56bfc062723c751e8b465ee728b)  -> (artifact id: 'a1ecd4459bf59cd72c5f6d27a850497a') in 0.089384 seconds
  Import took 0.091846 seconds .

========================================================================
Received Import Request.
  Time since last request: 0.000270 seconds.
  path: Assets/AllSkyFree/Space_AnotherPlanet/AllSky_Space_AnotherPlanet_Cam_4_Up+Y.png
  artifactKey: Guid(a6e9f4ff100a94264a812ad74e17416c) Importer(815301076,1909f56bfc062723c751e8b465ee728b)
Start importing Assets/AllSkyFree/Space_AnotherPlanet/AllSky_Space_AnotherPlanet_Cam_4_Up+Y.png using Guid(a6e9f4ff100a94264a812ad74e17416c) Importer(815301076,1909f56bfc062723c751e8b465ee728b)  -> (artifact id: '4bea2b3a1b9fa033aefcb07f065cc42c') in 0.008883 seconds
  Import took 0.010559 seconds .

========================================================================
Received Import Request.
  Time since last request: 0.000316 seconds.
  path: Assets/AllSkyFree/Space_AnotherPlanet/AllSky_Space_AnotherPlanet_Cam_0_Front+Z.png
  artifactKey: Guid(0b5345cf23ab840779a8cbf1b89f355a) Importer(815301076,1909f56bfc062723c751e8b465ee728b)
Start importing Assets/AllSkyFree/Space_AnotherPlanet/AllSky_Space_AnotherPlanet_Cam_0_Front+Z.png using Guid(0b5345cf23ab840779a8cbf1b89f355a) Importer(815301076,1909f56bfc062723c751e8b465ee728b)  -> (artifact id: 'd115c35213366faa079c5c544d050418') in 0.009872 seconds
  Import took 0.011932 seconds .

========================================================================
Received Import Request.
  Time since last request: 0.000277 seconds.
  path: Assets/AllSkyFree/Space_AnotherPlanet/AllSky_Space_AnotherPlanet_Cam_3_Right-X.png
  artifactKey: Guid(ca9af6b5ce9284592aabb781392ff61e) Importer(815301076,1909f56bfc062723c751e8b465ee728b)
Start importing Assets/AllSkyFree/Space_AnotherPlanet/AllSky_Space_AnotherPlanet_Cam_3_Right-X.png using Guid(ca9af6b5ce9284592aabb781392ff61e) Importer(815301076,1909f56bfc062723c751e8b465ee728b)  -> (artifact id: '50c16253215af3857d9441a9fed8b258') in 0.008606 seconds
  Import took 0.010292 seconds .

========================================================================
Received Import Request.
  Time since last request: 0.000283 seconds.
  path: Assets/AllSkyFree/Space_AnotherPlanet/AllSky_Space_AnotherPlanet_Cam_2_Left+X.png
  artifactKey: Guid(40cd83628508d406497f3b21ff220644) Importer(815301076,1909f56bfc062723c751e8b465ee728b)
Start importing Assets/AllSkyFree/Space_AnotherPlanet/AllSky_Space_AnotherPlanet_Cam_2_Left+X.png using Guid(40cd83628508d406497f3b21ff220644) Importer(815301076,1909f56bfc062723c751e8b465ee728b)  -> (artifact id: 'fbb0f279770ac5bc28cc47de2df7b2b2') in 0.008930 seconds
  Import took 0.010545 seconds .

========================================================================
Received Import Request.
  Time since last request: 32.566167 seconds.
  path: Assets/AllSkyFree/Deep Dusk/Deep Dusk Equirect.png
  artifactKey: Guid(66e51860485ae4048a30f7e029e65af7) Importer(815301076,1909f56bfc062723c751e8b465ee728b)
Start importing Assets/AllSkyFree/Deep Dusk/Deep Dusk Equirect.png using Guid(66e51860485ae4048a30f7e029e65af7) Importer(815301076,1909f56bfc062723c751e8b465ee728b)  -> (artifact id: 'eee45b4e7e3e46c6c6a4267b868fc49f') in 0.087438 seconds
  Import took 0.090393 seconds .

========================================================================
Received Import Request.
  Time since last request: 0.000265 seconds.
  path: Assets/AllSkyFree/Deep Dusk/Deep Dusk__Cam_4_Up+Y.png
  artifactKey: Guid(d6efad16563c1446d86a121dbb004300) Importer(815301076,1909f56bfc062723c751e8b465ee728b)
Start importing Assets/AllSkyFree/Deep Dusk/Deep Dusk__Cam_4_Up+Y.png using Guid(d6efad16563c1446d86a121dbb004300) Importer(815301076,1909f56bfc062723c751e8b465ee728b)  -> (artifact id: 'fe4e0a1569941e1b4f10e8773eb9f8b3') in 0.008164 seconds
  Import took 0.009772 seconds .

========================================================================
Received Import Request.
  Time since last request: 0.000271 seconds.
  path: Assets/AllSkyFree/Deep Dusk/Deep Dusk__Cam_5_Down-Y.png
  artifactKey: Guid(2e38ed7c39e8e4314930da8a86ae7a88) Importer(815301076,1909f56bfc062723c751e8b465ee728b)
Start importing Assets/AllSkyFree/Deep Dusk/Deep Dusk__Cam_5_Down-Y.png using Guid(2e38ed7c39e8e4314930da8a86ae7a88) Importer(815301076,1909f56bfc062723c751e8b465ee728b)  -> (artifact id: 'a66391dafbdf646f432cc72444c2b448') in 0.007703 seconds
  Import took 0.009351 seconds .

========================================================================
Received Import Request.
  Time since last request: 0.000270 seconds.
  path: Assets/AllSkyFree/Deep Dusk/Deep Dusk__Cam_0_Front+Z.png
  artifactKey: Guid(5fdaaa9d974104e6d8f9e575170a0c70) Importer(815301076,1909f56bfc062723c751e8b465ee728b)
Start importing Assets/AllSkyFree/Deep Dusk/Deep Dusk__Cam_0_Front+Z.png using Guid(5fdaaa9d974104e6d8f9e575170a0c70) Importer(815301076,1909f56bfc062723c751e8b465ee728b)  -> (artifact id: '23addfe361d838abe7167b717cf87af5') in 0.008956 seconds
  Import took 0.010733 seconds .

========================================================================
Received Import Request.
  Time since last request: 0.000325 seconds.
  path: Assets/AllSkyFree/Deep Dusk/Deep Dusk__Cam_2_Left+X.png
  artifactKey: Guid(519e05b7b3cd14409b4a22d07660cfc8) Importer(815301076,1909f56bfc062723c751e8b465ee728b)
Start importing Assets/AllSkyFree/Deep Dusk/Deep Dusk__Cam_2_Left+X.png using Guid(519e05b7b3cd14409b4a22d07660cfc8) Importer(815301076,1909f56bfc062723c751e8b465ee728b)  -> (artifact id: 'dab8ed0212026bf89faf22e60af7bf6e') in 0.008096 seconds
  Import took 0.009814 seconds .

========================================================================
Received Import Request.
  Time since last request: 0.000240 seconds.
  path: Assets/AllSkyFree/Deep Dusk/Deep Dusk__Cam_3_Right-X.png
  artifactKey: Guid(47551dad0d90646a9a5dac436076f38a) Importer(815301076,1909f56bfc062723c751e8b465ee728b)
Start importing Assets/AllSkyFree/Deep Dusk/Deep Dusk__Cam_3_Right-X.png using Guid(47551dad0d90646a9a5dac436076f38a) Importer(815301076,1909f56bfc062723c751e8b465ee728b)  -> (artifact id: 'e8735a228a557eebf34d3c6dbaa640b1') in 0.008223 seconds
  Import took 0.009943 seconds .

========================================================================
Received Import Request.
  Time since last request: 0.000309 seconds.
  path: Assets/AllSkyFree/Deep Dusk/Deep Dusk__Cam_1_Back-Z.png
  artifactKey: Guid(5e2aba0844c5a4c2ca77ba49a1ea08d5) Importer(815301076,1909f56bfc062723c751e8b465ee728b)
Start importing Assets/AllSkyFree/Deep Dusk/Deep Dusk__Cam_1_Back-Z.png using Guid(5e2aba0844c5a4c2ca77ba49a1ea08d5) Importer(815301076,1909f56bfc062723c751e8b465ee728b)  -> (artifact id: 'd78b87a5e758aeccf9776c8cb360dcb4') in 0.007788 seconds
  Import took 0.009418 seconds .

========================================================================
Received Import Request.
  Time since last request: 92.414712 seconds.
  path: Assets/AllSkyFree/Epic_BlueSunset/Epic_BlueSunset_Cam_0_Front+Z.png
  artifactKey: Guid(33dc9d88f32144697ba9777ee1aaae7b) Importer(815301076,1909f56bfc062723c751e8b465ee728b)
Start importing Assets/AllSkyFree/Epic_BlueSunset/Epic_BlueSunset_Cam_0_Front+Z.png using Guid(33dc9d88f32144697ba9777ee1aaae7b) Importer(815301076,1909f56bfc062723c751e8b465ee728b)  -> (artifact id: '4405b28e28daf06086f8478b98842b59') in 0.008526 seconds
  Import took 0.010762 seconds .

========================================================================
Received Import Request.
  Time since last request: 0.000340 seconds.
  path: Assets/AllSkyFree/Epic_BlueSunset/Epic_BlueSunset_Cam_4_Up+Y.png
  artifactKey: Guid(912bf47cb4f5f4c6ea43b7a8bd2eb0e5) Importer(815301076,1909f56bfc062723c751e8b465ee728b)
Start importing Assets/AllSkyFree/Epic_BlueSunset/Epic_BlueSunset_Cam_4_Up+Y.png using Guid(912bf47cb4f5f4c6ea43b7a8bd2eb0e5) Importer(815301076,1909f56bfc062723c751e8b465ee728b)  -> (artifact id: 'bc50c4713072baffcf5d0b32496ef053') in 0.008640 seconds
  Import took 0.010299 seconds .

========================================================================
Received Import Request.
  Time since last request: 0.000336 seconds.
  path: Assets/AllSkyFree/Epic_BlueSunset/Epic_BlueSunset_Cam_1_Back-Z.png
  artifactKey: Guid(cbdb0c81375e549b1bae3506c1863a68) Importer(815301076,1909f56bfc062723c751e8b465ee728b)
Start importing Assets/AllSkyFree/Epic_BlueSunset/Epic_BlueSunset_Cam_1_Back-Z.png using Guid(cbdb0c81375e549b1bae3506c1863a68) Importer(815301076,1909f56bfc062723c751e8b465ee728b)  -> (artifact id: 'f8db56baa2b82a4bd637352e1063d746') in 0.008514 seconds
  Import took 0.010445 seconds .

========================================================================
Received Import Request.
  Time since last request: 0.000299 seconds.
  path: Assets/AllSkyFree/Epic_BlueSunset/Epic_BlueSunset_Cam_2_Left+X.png
  artifactKey: Guid(604c8e250817f485c97f85e8237f7524) Importer(815301076,1909f56bfc062723c751e8b465ee728b)
Start importing Assets/AllSkyFree/Epic_BlueSunset/Epic_BlueSunset_Cam_2_Left+X.png using Guid(604c8e250817f485c97f85e8237f7524) Importer(815301076,1909f56bfc062723c751e8b465ee728b)  -> (artifact id: '2e993846a7ea600a3a72425754079675') in 0.008653 seconds
  Import took 0.010627 seconds .

========================================================================
Received Import Request.
  Time since last request: 0.000270 seconds.
  path: Assets/AllSkyFree/Epic_BlueSunset/Epic_BlueSunset_Cam_3_Right-X.png
  artifactKey: Guid(04869052f46ba428caebe862513e3b5d) Importer(815301076,1909f56bfc062723c751e8b465ee728b)
Start importing Assets/AllSkyFree/Epic_BlueSunset/Epic_BlueSunset_Cam_3_Right-X.png using Guid(04869052f46ba428caebe862513e3b5d) Importer(815301076,1909f56bfc062723c751e8b465ee728b)  -> (artifact id: 'eba6e8f289f860dd91379d554d5d16e0') in 0.008454 seconds
  Import took 0.010181 seconds .

========================================================================
Received Import Request.
  Time since last request: 0.000278 seconds.
  path: Assets/AllSkyFree/Epic_BlueSunset/Epic_BlueSunset_EquiRect_flat.png
  artifactKey: Guid(e71fc492f440446b99875b8e1df890ba) Importer(815301076,1909f56bfc062723c751e8b465ee728b)
Start importing Assets/AllSkyFree/Epic_BlueSunset/Epic_BlueSunset_EquiRect_flat.png using Guid(e71fc492f440446b99875b8e1df890ba) Importer(815301076,1909f56bfc062723c751e8b465ee728b)  -> (artifact id: 'ca0c9d53b4ad669059b2fca6cadb742f') in 0.088621 seconds
  Import took 0.091388 seconds .

========================================================================
Received Import Request.
  Time since last request: 0.000285 seconds.
  path: Assets/AllSkyFree/Epic_BlueSunset/Epic_BlueSunset_Cam_5_Down-Y.png
  artifactKey: Guid(3e1c1042c332d4444bfe47799ff3e0d3) Importer(815301076,1909f56bfc062723c751e8b465ee728b)
Start importing Assets/AllSkyFree/Epic_BlueSunset/Epic_BlueSunset_Cam_5_Down-Y.png using Guid(3e1c1042c332d4444bfe47799ff3e0d3) Importer(815301076,1909f56bfc062723c751e8b465ee728b)  -> (artifact id: '43058f23907e4afaabb41d30531ca48c') in 0.007916 seconds
  Import took 0.009624 seconds .

========================================================================
Received Import Request.
  Time since last request: 1.477177 seconds.
  path: Assets/AllSkyFree/Epic_GloriousPink/Epic_GloriousPink_Cam_0_Front+Z.png
  artifactKey: Guid(87dff0577f22146db9255e2cf270d6ee) Importer(815301076,1909f56bfc062723c751e8b465ee728b)
Start importing Assets/AllSkyFree/Epic_GloriousPink/Epic_GloriousPink_Cam_0_Front+Z.png using Guid(87dff0577f22146db9255e2cf270d6ee) Importer(815301076,1909f56bfc062723c751e8b465ee728b)  -> (artifact id: 'ffda0771cbce4eeee83745b3ead3fe29') in 0.009014 seconds
  Import took 0.011147 seconds .

========================================================================
Received Import Request.
  Time since last request: 0.000300 seconds.
  path: Assets/AllSkyFree/Epic_GloriousPink/Epic_GloriousPink_Cam_2_Left+X.png
  artifactKey: Guid(c85a861fbad8f45169567bbfa332ecf8) Importer(815301076,1909f56bfc062723c751e8b465ee728b)
Start importing Assets/AllSkyFree/Epic_GloriousPink/Epic_GloriousPink_Cam_2_Left+X.png using Guid(c85a861fbad8f45169567bbfa332ecf8) Importer(815301076,1909f56bfc062723c751e8b465ee728b)  -> (artifact id: '780c8132fa823f9b94f0afc9f81cca3d') in 0.009810 seconds
  Import took 0.011846 seconds .

========================================================================
Received Import Request.
  Time since last request: 0.000338 seconds.
  path: Assets/AllSkyFree/Epic_GloriousPink/Epic_GloriousPink_Cam_1_Back-Z.png
  artifactKey: Guid(8e7251cff63ea413db367d2893f57bf6) Importer(815301076,1909f56bfc062723c751e8b465ee728b)
Start importing Assets/AllSkyFree/Epic_GloriousPink/Epic_GloriousPink_Cam_1_Back-Z.png using Guid(8e7251cff63ea413db367d2893f57bf6) Importer(815301076,1909f56bfc062723c751e8b465ee728b)  -> (artifact id: 'ed1aeae75d9a9752f732aeaa9c216d81') in 0.009794 seconds
  Import took 0.011923 seconds .

========================================================================
Received Import Request.
  Time since last request: 0.000284 seconds.
  path: Assets/AllSkyFree/Epic_GloriousPink/Epic_GloriousPink_Cam_3_Right-X.png
  artifactKey: Guid(938f8444195114ab791cdba8f627e3e7) Importer(815301076,1909f56bfc062723c751e8b465ee728b)
Start importing Assets/AllSkyFree/Epic_GloriousPink/Epic_GloriousPink_Cam_3_Right-X.png using Guid(938f8444195114ab791cdba8f627e3e7) Importer(815301076,1909f56bfc062723c751e8b465ee728b)  -> (artifact id: 'd5469af64cb28141ee0d152b9683636f') in 0.008987 seconds
  Import took 0.010833 seconds .

========================================================================
Received Import Request.
  Time since last request: 0.000255 seconds.
  path: Assets/AllSkyFree/Epic_GloriousPink/Epic_GloriousPink_Cam_4_Up+Y.png
  artifactKey: Guid(c3e1d31cf8ef742ad8aed75a1fdaff49) Importer(815301076,1909f56bfc062723c751e8b465ee728b)
Start importing Assets/AllSkyFree/Epic_GloriousPink/Epic_GloriousPink_Cam_4_Up+Y.png using Guid(c3e1d31cf8ef742ad8aed75a1fdaff49) Importer(815301076,1909f56bfc062723c751e8b465ee728b)  -> (artifact id: '5f44a6627194952a89ee0122edfd3673') in 0.009182 seconds
  Import took 0.011003 seconds .

========================================================================
Received Import Request.
  Time since last request: 0.000305 seconds.
  path: Assets/AllSkyFree/Epic_GloriousPink/Epic_GloriousPink_EquiRect.png
  artifactKey: Guid(8a293ce833d584fc98516e0e74f495a4) Importer(815301076,1909f56bfc062723c751e8b465ee728b)
Start importing Assets/AllSkyFree/Epic_GloriousPink/Epic_GloriousPink_EquiRect.png using Guid(8a293ce833d584fc98516e0e74f495a4) Importer(815301076,1909f56bfc062723c751e8b465ee728b)  -> (artifact id: 'aa7c531086cf738c1502e18a8023e93f') in 0.090313 seconds
  Import took 0.093066 seconds .

========================================================================
Received Import Request.
  Time since last request: 0.000271 seconds.
  path: Assets/AllSkyFree/Epic_GloriousPink/Epic_GloriousPink_Cam_4_Up+Y.png
  artifactKey: Guid(c3e1d31cf8ef742ad8aed75a1fdaff49) Importer(815301076,1909f56bfc062723c751e8b465ee728b)
Start importing Assets/AllSkyFree/Epic_GloriousPink/Epic_GloriousPink_Cam_4_Up+Y.png using Guid(c3e1d31cf8ef742ad8aed75a1fdaff49) Importer(815301076,1909f56bfc062723c751e8b465ee728b)  -> (artifact id: '5f44a6627194952a89ee0122edfd3673') in 0.008033 seconds
  Import took 0.009905 seconds .

========================================================================
Received Import Request.
  Time since last request: 0.000278 seconds.
  path: Assets/AllSkyFree/Epic_GloriousPink/Epic_GloriousPink_Cam_5_Down-Y.png
  artifactKey: Guid(213ae241f43b44b3f961dd8739080120) Importer(815301076,1909f56bfc062723c751e8b465ee728b)
Start importing Assets/AllSkyFree/Epic_GloriousPink/Epic_GloriousPink_Cam_5_Down-Y.png using Guid(213ae241f43b44b3f961dd8739080120) Importer(815301076,1909f56bfc062723c751e8b465ee728b)  -> (artifact id: '1ee30e44d8da29439515066c7f1575aa') in 0.008370 seconds
  Import took 0.010262 seconds .

========================================================================
Received Import Request.
  Time since last request: 5.762048 seconds.
  path: Assets/AllSkyFree/Deep Dusk/Materials/Deep Dusk Equirect.mat
  artifactKey: Guid(9366beb6510927149a25520c2368bb25) Importer(815301076,1909f56bfc062723c751e8b465ee728b)
Start importing Assets/AllSkyFree/Deep Dusk/Materials/Deep Dusk Equirect.mat using Guid(9366beb6510927149a25520c2368bb25) Importer(815301076,1909f56bfc062723c751e8b465ee728b)  -> (artifact id: 'cac44082e1eac800389201688bb8a982') in 0.015054 seconds
  Import took 0.018066 seconds .

========================================================================
Received Import Request.
  Time since last request: 0.001812 seconds.
  path: Assets/AllSkyFree/Deep Dusk/Materials/Deep Dusk Equirect.mat
  artifactKey: Guid(9366beb6510927149a25520c2368bb25) Importer(815301076,1909f56bfc062723c751e8b465ee728b)
Start importing Assets/AllSkyFree/Deep Dusk/Materials/Deep Dusk Equirect.mat using Guid(9366beb6510927149a25520c2368bb25) Importer(815301076,1909f56bfc062723c751e8b465ee728b)  -> (artifact id: 'cac44082e1eac800389201688bb8a982') in 0.015491 seconds
  Import took 0.018432 seconds .

